<?xml version="1.0" encoding="UTF-8"?>
<testsuite xmlns:xsi="http://www.w3.org/2001/XMLSchema-instance" xsi:noNamespaceSchemaLocation="https://maven.apache.org/surefire/maven-surefire-plugin/xsd/surefire-test-report-3.0.xsd" version="3.0" name="com.example.cricketapp.CricketappApplicationTests" time="11.611" tests="1" errors="0" skipped="0" failures="0">
  <properties>
[...]
</properties>
  <testcase name="contextLoads" classname="com.example.cricketapp.CricketappApplicationTests" time="2.227">
    <system-out><![CDATA[15:10:30.537 [main] INFO org.springframework.test.context.support.AnnotationConfigContextLoaderUtils -- Could not detect default configuration classes for test class [com.example.cricketapp.CricketappApplicationTests]: CricketappApplicationTests does not declare any static, non-private, non-final, nested classes annotated with @Configuration.
15:10:31.136 [main] INFO org.springframework.boot.test.context.SpringBootTestContextBootstrapper -- Found @SpringBootConfiguration com.example.cricketapp.CricketappApplication for test class com.example.cricketapp.CricketappApplicationTests

  .   ____          _            __ _ _
 /\\ / ___'_ __ _ _(_)_ __  __ _ \ \ \ \
( ( )\___ | '_ | '_| | '_ \/ _` | \ \ \ \
 \\/  ___)| |_)| | | | | || (_| |  ) ) ) )
  '  |____| .__|_| |_|_| |_\__, | / / / /
 =========|_|==============|___/=/_/_/_/
 :: Spring Boot ::                (v3.2.5)

2024-05-28T15:10:32.945+05:30  WARN 22524 --- [cricketapp] [           main] ory$DuplicateJsonObjectContextCustomizer : 

Found multiple occurrences of org.json.JSONObject on the class path:

	jar:file:/C:/Users/kgash/.m2/repository/com/vaadin/external/google/android-json/0.0.20131108.vaadin1/android-json-0.0.20131108.vaadin1.jar!/org/json/JSONObject.class
	jar:file:/C:/Users/kgash/.m2/repository/org/json/json/20231013/json-20231013.jar!/org/json/JSONObject.class

You may wish to exclude one of them to ensure predictable runtime behavior

2024-05-28T15:10:33.008+05:30  INFO 22524 --- [cricketapp] [           main] c.e.c.CricketappApplicationTests         : Starting CricketappApplicationTests using Java 21 with PID 22524 (started by kgash in C:\Users\kgash\OneDrive\Desktop\Java programs\Zoho\Incubation\Github\CricketApplication\cricketapp-backend)
2024-05-28T15:10:33.010+05:30  INFO 22524 --- [cricketapp] [           main] c.e.c.CricketappApplicationTests         : No active profile set, falling back to 1 default profile: "default"
2024-05-28T15:10:37.085+05:30  WARN 22524 --- [cricketapp] [           main] .s.s.UserDetailsServiceAutoConfiguration : 

Using generated security password: 18305143-e69a-4637-876b-092e61f9bf18

This generated password is for development use only. Your security configuration must be updated before running your application in production.

2024-05-28T15:10:37.883+05:30  INFO 22524 --- [cricketapp] [           main] o.s.s.web.DefaultSecurityFilterChain     : Will secure any request with [org.springframework.security.web.session.DisableEncodeUrlFilter@13aed42b, org.springframework.security.web.context.request.async.WebAsyncManagerIntegrationFilter@698d6d30, org.springframework.security.web.context.SecurityContextHolderFilter@1c6e3ff9, org.springframework.security.web.header.HeaderWriterFilter@58164e9a, org.springframework.security.web.authentication.logout.LogoutFilter@6775c0d1, org.springframework.security.web.savedrequest.RequestCacheAwareFilter@184afb78, org.springframework.security.web.servletapi.SecurityContextHolderAwareRequestFilter@22da200e, org.springframework.security.web.authentication.rememberme.RememberMeAuthenticationFilter@12cd129c, com.example.cricketapp.security.JWTAuthenticationFilter@78065fcd, org.springframework.security.web.authentication.AnonymousAuthenticationFilter@3407aa4f, org.springframework.security.web.access.ExceptionTranslationFilter@610fbe1c, org.springframework.security.web.access.intercept.AuthorizationFilter@1412682c]
2024-05-28T15:10:39.389+05:30  INFO 22524 --- [cricketapp] [           main] c.e.c.CricketappApplicationTests         : Started CricketappApplicationTests in 7.872 seconds (process running for 10.894)
]]></system-out>
    <system-err><![CDATA[WARNING: A Java agent has been loaded dynamically (C:\Users\kgash\.m2\repository\net\bytebuddy\byte-buddy-agent\1.14.13\byte-buddy-agent-1.14.13.jar)
WARNING: If a serviceability tool is in use, please run with -XX:+EnableDynamicAgentLoading to hide this warning
WARNING: If a serviceability tool is not in use, please run with -Djdk.instrument.traceUsage for more information
WARNING: Dynamic loading of agents will be disallowed by default in a future release
]]></system-err>
  </testcase>
</testsuite>